# JRE version: Java(TM) SE Runtime Environment (15.0+36) (build 15+36-1562)
# Java VM: Java HotSpot(TM) 64-Bit Server VM (15+36-1562, mixed mode, sharing, tiered, compressed oops, g1 gc, windows-amd64)
GC Precious Log:
 CPUs: 8 total, 8 available
 Memory: 16240M
 Large Page Support: Disabled
 NUMA Support: Disabled
 Compressed Oops: Enabled (Zero based)
 Heap Region Size: 2M
 Heap Min Capacity: 8M
 Heap Initial Capacity: 254M
 Heap Max Capacity: 4062M
 Pre-touch: Disabled
 Parallel Workers: 8
 Concurrent Workers: 2
 Concurrent Refinement Workers: 8
 Periodic GC: Disabled
Heap:
 garbage-first heap   total 59392K, used 33863K [0x0000000702200000, 0x0000000800000000)
  region size 2048K, 13 young (26624K), 1 survivors (2048K)
 Metaspace       used 24386K, capacity 25575K, committed 25856K, reserved 1073152K
  class space    used 2322K, capacity 2472K, committed 2560K, reserved 1048576K
GC Heap History (14 events):
Event: 0.390 GC heap before
{Heap before GC invocations=0 (full 0):
 garbage-first heap   total 260096K, used 22528K [0x0000000702200000, 0x0000000800000000)
  region size 2048K, 11 young (22528K), 0 survivors (0K)
 Metaspace       used 2320K, capacity 5549K, committed 5632K, reserved 1056768K
  class space    used 147K, capacity 463K, committed 512K, reserved 1048576K
}
Event: 0.394 GC heap after
{Heap after GC invocations=1 (full 0):
 garbage-first heap   total 260096K, used 9133K [0x0000000702200000, 0x0000000800000000)
  region size 2048K, 2 young (4096K), 2 survivors (4096K)
 Metaspace       used 2320K, capacity 5549K, committed 5632K, reserved 1056768K
  class space    used 147K, capacity 463K, committed 512K, reserved 1048576K
}
Event: 0.590 GC heap before
{Heap before GC invocations=1 (full 0):
 garbage-first heap   total 260096K, used 33709K [0x0000000702200000, 0x0000000800000000)
  region size 2048K, 14 young (28672K), 2 survivors (4096K)
 Metaspace       used 2517K, capacity 5677K, committed 5888K, reserved 1056768K
  class space    used 161K, capacity 463K, committed 512K, reserved 1048576K
}
Event: 0.592 GC heap after
{Heap after GC invocations=2 (full 0):
 garbage-first heap   total 260096K, used 9389K [0x0000000702200000, 0x0000000800000000)
  region size 2048K, 1 young (2048K), 1 survivors (2048K)
 Metaspace       used 2517K, capacity 5677K, committed 5888K, reserved 1056768K
  class space    used 161K, capacity 463K, committed 512K, reserved 1048576K
}
Event: 1.824 GC heap before
{Heap before GC invocations=2 (full 0):
 garbage-first heap   total 260096K, used 142509K [0x0000000702200000, 0x0000000800000000)
  region size 2048K, 64 young (131072K), 1 survivors (2048K)
 Metaspace       used 19436K, capacity 21095K, committed 21248K, reserved 1069056K
  class space    used 1860K, capacity 2024K, committed 2048K, reserved 1048576K
}
Event: 1.828 GC heap after
{Heap after GC invocations=3 (full 0):
 garbage-first heap   total 260096K, used 12487K [0x0000000702200000, 0x0000000800000000)
  region size 2048K, 2 young (4096K), 2 survivors (4096K)
 Metaspace       used 19436K, capacity 21095K, committed 21248K, reserved 1069056K
  class space    used 1860K, capacity 2024K, committed 2048K, reserved 1048576K
}
Event: 2.115 GC heap before
{Heap before GC invocations=4 (full 0):
 garbage-first heap   total 55296K, used 49351K [0x0000000702200000, 0x0000000800000000)
  region size 2048K, 16 young (32768K), 2 survivors (4096K)
 Metaspace       used 21890K, capacity 23175K, committed 23552K, reserved 1071104K
  class space    used 2031K, capacity 2184K, committed 2304K, reserved 1048576K
}
Event: 2.118 GC heap after
{Heap after GC invocations=5 (full 0):
 garbage-first heap   total 59392K, used 13355K [0x0000000702200000, 0x0000000800000000)
  region size 2048K, 1 young (2048K), 1 survivors (2048K)
 Metaspace       used 21890K, capacity 23175K, committed 23552K, reserved 1071104K
  class space    used 2031K, capacity 2184K, committed 2304K, reserved 1048576K
}
Event: 2.236 GC heap before
{Heap before GC invocations=5 (full 0):
 garbage-first heap   total 59392K, used 39979K [0x0000000702200000, 0x0000000800000000)
  region size 2048K, 14 young (28672K), 1 survivors (2048K)
 Metaspace       used 21894K, capacity 23175K, committed 23552K, reserved 1071104K
  class space    used 2031K, capacity 2184K, committed 2304K, reserved 1048576K
}
Event: 2.238 GC heap after
{Heap after GC invocations=6 (full 0):
 garbage-first heap   total 59392K, used 13163K [0x0000000702200000, 0x0000000800000000)
  region size 2048K, 1 young (2048K), 1 survivors (2048K)
 Metaspace       used 21894K, capacity 23175K, committed 23552K, reserved 1071104K
  class space    used 2031K, capacity 2184K, committed 2304K, reserved 1048576K
}
Event: 2.359 GC heap before
{Heap before GC invocations=6 (full 0):
 garbage-first heap   total 59392K, used 41835K [0x0000000702200000, 0x0000000800000000)
  region size 2048K, 15 young (30720K), 1 survivors (2048K)
 Metaspace       used 21894K, capacity 23175K, committed 23552K, reserved 1071104K
  class space    used 2031K, capacity 2184K, committed 2304K, reserved 1048576K
}
Event: 2.361 GC heap after
{Heap after GC invocations=7 (full 0):
 garbage-first heap   total 59392K, used 13112K [0x0000000702200000, 0x0000000800000000)
  region size 2048K, 1 young (2048K), 1 survivors (2048K)
 Metaspace       used 21894K, capacity 23175K, committed 23552K, reserved 1071104K
  class space    used 2031K, capacity 2184K, committed 2304K, reserved 1048576K
}
Event: 2.562 GC heap before
{Heap before GC invocations=7 (full 0):
 garbage-first heap   total 59392K, used 43832K [0x0000000702200000, 0x0000000800000000)
  region size 2048K, 16 young (32768K), 1 survivors (2048K)
 Metaspace       used 24235K, capacity 25415K, committed 25600K, reserved 1073152K
  class space    used 2313K, capacity 2440K, committed 2560K, reserved 1048576K
}
Event: 2.564 GC heap after
{Heap after GC invocations=8 (full 0):
 garbage-first heap   total 59392K, used 13383K [0x0000000702200000, 0x0000000800000000)
  region size 2048K, 1 young (2048K), 1 survivors (2048K)
 Metaspace       used 24235K, capacity 25415K, committed 25600K, reserved 1073152K
  class space    used 2313K, capacity 2440K, committed 2560K, reserved 1048576K
}

